Performing C SOURCE FILE Test CMAKE_HAVE_LIBC_PTHREAD failed with the following output:
Change Dir: /home/mario/Drowsiness-Detection-Project/ROS_Workspace/build/CMakeFiles/CMakeScratch/TryCompile-oYzHlV

Run Build Command(s):/usr/bin/make -f Makefile cmTC_9874b/fast && /usr/bin/make  -f CMakeFiles/cmTC_9874b.dir/build.make CMakeFiles/cmTC_9874b.dir/build
make[1]: Entering directory '/home/mario/Drowsiness-Detection-Project/ROS_Workspace/build/CMakeFiles/CMakeScratch/TryCompile-oYzHlV'
Building C object CMakeFiles/cmTC_9874b.dir/src.c.o
/usr/bin/cc -DCMAKE_HAVE_LIBC_PTHREAD   -o CMakeFiles/cmTC_9874b.dir/src.c.o -c /home/mario/Drowsiness-Detection-Project/ROS_Workspace/build/CMakeFiles/CMakeScratch/TryCompile-oYzHlV/src.c
Linking C executable cmTC_9874b
/home/mario/.local/lib/python3.8/site-packages/cmake/data/bin/cmake -E cmake_link_script CMakeFiles/cmTC_9874b.dir/link.txt --verbose=1
/usr/bin/cc -rdynamic CMakeFiles/cmTC_9874b.dir/src.c.o -o cmTC_9874b 
/usr/bin/ld: CMakeFiles/cmTC_9874b.dir/src.c.o: in function `main':
src.c:(.text+0x46): undefined reference to `pthread_create'
/usr/bin/ld: src.c:(.text+0x52): undefined reference to `pthread_detach'
/usr/bin/ld: src.c:(.text+0x5e): undefined reference to `pthread_cancel'
/usr/bin/ld: src.c:(.text+0x6f): undefined reference to `pthread_join'
collect2: error: ld returned 1 exit status
make[1]: *** [CMakeFiles/cmTC_9874b.dir/build.make:99: cmTC_9874b] Error 1
make[1]: Leaving directory '/home/mario/Drowsiness-Detection-Project/ROS_Workspace/build/CMakeFiles/CMakeScratch/TryCompile-oYzHlV'
make: *** [Makefile:127: cmTC_9874b/fast] Error 2


Source file was:
#include <pthread.h>

static void* test_func(void* data)
{
  return data;
}

int main(void)
{
  pthread_t thread;
  pthread_create(&thread, NULL, test_func, NULL);
  pthread_detach(thread);
  pthread_cancel(thread);
  pthread_join(thread, NULL);
  pthread_atfork(NULL, NULL, NULL);
  pthread_exit(NULL);

  return 0;
}


Determining if the function pthread_create exists in the pthreads failed with the following output:
Change Dir: /home/mario/Drowsiness-Detection-Project/ROS_Workspace/build/CMakeFiles/CMakeScratch/TryCompile-LhFHgV

Run Build Command(s):/usr/bin/make -f Makefile cmTC_05714/fast && /usr/bin/make  -f CMakeFiles/cmTC_05714.dir/build.make CMakeFiles/cmTC_05714.dir/build
make[1]: Entering directory '/home/mario/Drowsiness-Detection-Project/ROS_Workspace/build/CMakeFiles/CMakeScratch/TryCompile-LhFHgV'
Building C object CMakeFiles/cmTC_05714.dir/CheckFunctionExists.c.o
/usr/bin/cc   -DCHECK_FUNCTION_EXISTS=pthread_create -o CMakeFiles/cmTC_05714.dir/CheckFunctionExists.c.o -c /home/mario/Drowsiness-Detection-Project/ROS_Workspace/build/CMakeFiles/CMakeScratch/TryCompile-LhFHgV/CheckFunctionExists.c
Linking C executable cmTC_05714
/home/mario/.local/lib/python3.8/site-packages/cmake/data/bin/cmake -E cmake_link_script CMakeFiles/cmTC_05714.dir/link.txt --verbose=1
/usr/bin/cc  -DCHECK_FUNCTION_EXISTS=pthread_create -rdynamic CMakeFiles/cmTC_05714.dir/CheckFunctionExists.c.o -o cmTC_05714  -lpthreads 
/usr/bin/ld: cannot find -lpthreads
collect2: error: ld returned 1 exit status
make[1]: *** [CMakeFiles/cmTC_05714.dir/build.make:99: cmTC_05714] Error 1
make[1]: Leaving directory '/home/mario/Drowsiness-Detection-Project/ROS_Workspace/build/CMakeFiles/CMakeScratch/TryCompile-LhFHgV'
make: *** [Makefile:127: cmTC_05714/fast] Error 2



